Analysis & Synthesis report for Final
Mon May 04 17:43:34 2020
Quartus Prime Version 18.1.0 Build 625 09/12/2018 SJ Lite Edition


---------------------
; Table of Contents ;
---------------------
  1. Legal Notice
  2. Analysis & Synthesis Summary
  3. Analysis & Synthesis Settings
  4. Parallel Compilation
  5. Analysis & Synthesis Source Files Read
  6. Analysis & Synthesis Resource Usage Summary
  7. Analysis & Synthesis Resource Utilization by Entity
  8. General Register Statistics
  9. Multiplexer Restructuring Statistics (Restructuring Performed)
 10. Post-Synthesis Netlist Statistics for Top Partition
 11. Elapsed Time Per Partition
 12. Analysis & Synthesis Messages
 13. Analysis & Synthesis Suppressed Messages



----------------
; Legal Notice ;
----------------
Copyright (C) 2018  Intel Corporation. All rights reserved.
Your use of Intel Corporation's design tools, logic functions 
and other software and tools, and its AMPP partner logic 
functions, and any output files from any of the foregoing 
(including device programming or simulation files), and any 
associated documentation or information are expressly subject 
to the terms and conditions of the Intel Program License 
Subscription Agreement, the Intel Quartus Prime License Agreement,
the Intel FPGA IP License Agreement, or other applicable license
agreement, including, without limitation, that your use is for
the sole purpose of programming logic devices manufactured by
Intel and sold by Intel or its authorized distributors.  Please
refer to the applicable agreement for further details.



+----------------------------------------------------------------------------------+
; Analysis & Synthesis Summary                                                     ;
+------------------------------------+---------------------------------------------+
; Analysis & Synthesis Status        ; Successful - Mon May 04 17:43:33 2020       ;
; Quartus Prime Version              ; 18.1.0 Build 625 09/12/2018 SJ Lite Edition ;
; Revision Name                      ; Final                                       ;
; Top-level Entity Name              ; Land                                        ;
; Family                             ; Cyclone IV E                                ;
; Total logic elements               ; 19,039                                      ;
;     Total combinational functions  ; 19,039                                      ;
;     Dedicated logic registers      ; 0                                           ;
; Total registers                    ; 0                                           ;
; Total pins                         ; 1,381                                       ;
; Total virtual pins                 ; 0                                           ;
; Total memory bits                  ; 0                                           ;
; Embedded Multiplier 9-bit elements ; 0                                           ;
; Total PLLs                         ; 0                                           ;
+------------------------------------+---------------------------------------------+


+------------------------------------------------------------------------------------------------------------+
; Analysis & Synthesis Settings                                                                              ;
+------------------------------------------------------------------+--------------------+--------------------+
; Option                                                           ; Setting            ; Default Value      ;
+------------------------------------------------------------------+--------------------+--------------------+
; Device                                                           ; EP4CE115F29C7      ;                    ;
; Top-level entity name                                            ; Land               ; Final              ;
; Family name                                                      ; Cyclone IV E       ; Cyclone V          ;
; Use smart compilation                                            ; Off                ; Off                ;
; Enable parallel Assembler and Timing Analyzer during compilation ; On                 ; On                 ;
; Enable compact report table                                      ; Off                ; Off                ;
; Restructure Multiplexers                                         ; Auto               ; Auto               ;
; Create Debugging Nodes for IP Cores                              ; Off                ; Off                ;
; Preserve fewer node names                                        ; On                 ; On                 ;
; Intel FPGA IP Evaluation Mode                                    ; Enable             ; Enable             ;
; Verilog Version                                                  ; Verilog_2001       ; Verilog_2001       ;
; VHDL Version                                                     ; VHDL_1993          ; VHDL_1993          ;
; State Machine Processing                                         ; Auto               ; Auto               ;
; Safe State Machine                                               ; Off                ; Off                ;
; Extract Verilog State Machines                                   ; On                 ; On                 ;
; Extract VHDL State Machines                                      ; On                 ; On                 ;
; Ignore Verilog initial constructs                                ; Off                ; Off                ;
; Iteration limit for constant Verilog loops                       ; 5000               ; 5000               ;
; Iteration limit for non-constant Verilog loops                   ; 250                ; 250                ;
; Add Pass-Through Logic to Inferred RAMs                          ; On                 ; On                 ;
; Infer RAMs from Raw Logic                                        ; On                 ; On                 ;
; Parallel Synthesis                                               ; On                 ; On                 ;
; DSP Block Balancing                                              ; Auto               ; Auto               ;
; NOT Gate Push-Back                                               ; On                 ; On                 ;
; Power-Up Don't Care                                              ; On                 ; On                 ;
; Remove Redundant Logic Cells                                     ; Off                ; Off                ;
; Remove Duplicate Registers                                       ; On                 ; On                 ;
; Ignore CARRY Buffers                                             ; Off                ; Off                ;
; Ignore CASCADE Buffers                                           ; Off                ; Off                ;
; Ignore GLOBAL Buffers                                            ; Off                ; Off                ;
; Ignore ROW GLOBAL Buffers                                        ; Off                ; Off                ;
; Ignore LCELL Buffers                                             ; Off                ; Off                ;
; Ignore SOFT Buffers                                              ; On                 ; On                 ;
; Limit AHDL Integers to 32 Bits                                   ; Off                ; Off                ;
; Optimization Technique                                           ; Balanced           ; Balanced           ;
; Carry Chain Length                                               ; 70                 ; 70                 ;
; Auto Carry Chains                                                ; On                 ; On                 ;
; Auto Open-Drain Pins                                             ; On                 ; On                 ;
; Perform WYSIWYG Primitive Resynthesis                            ; Off                ; Off                ;
; Auto ROM Replacement                                             ; On                 ; On                 ;
; Auto RAM Replacement                                             ; On                 ; On                 ;
; Auto DSP Block Replacement                                       ; On                 ; On                 ;
; Auto Shift Register Replacement                                  ; Auto               ; Auto               ;
; Allow Shift Register Merging across Hierarchies                  ; Auto               ; Auto               ;
; Auto Clock Enable Replacement                                    ; On                 ; On                 ;
; Strict RAM Replacement                                           ; Off                ; Off                ;
; Allow Synchronous Control Signals                                ; On                 ; On                 ;
; Force Use of Synchronous Clear Signals                           ; Off                ; Off                ;
; Auto RAM Block Balancing                                         ; On                 ; On                 ;
; Auto RAM to Logic Cell Conversion                                ; Off                ; Off                ;
; Auto Resource Sharing                                            ; Off                ; Off                ;
; Allow Any RAM Size For Recognition                               ; Off                ; Off                ;
; Allow Any ROM Size For Recognition                               ; Off                ; Off                ;
; Allow Any Shift Register Size For Recognition                    ; Off                ; Off                ;
; Use LogicLock Constraints during Resource Balancing              ; On                 ; On                 ;
; Ignore translate_off and synthesis_off directives                ; Off                ; Off                ;
; Timing-Driven Synthesis                                          ; On                 ; On                 ;
; Report Parameter Settings                                        ; On                 ; On                 ;
; Report Source Assignments                                        ; On                 ; On                 ;
; Report Connectivity Checks                                       ; On                 ; On                 ;
; Ignore Maximum Fan-Out Assignments                               ; Off                ; Off                ;
; Synchronization Register Chain Length                            ; 2                  ; 2                  ;
; Power Optimization During Synthesis                              ; Normal compilation ; Normal compilation ;
; HDL message level                                                ; Level2             ; Level2             ;
; Suppress Register Optimization Related Messages                  ; Off                ; Off                ;
; Number of Removed Registers Reported in Synthesis Report         ; 5000               ; 5000               ;
; Number of Swept Nodes Reported in Synthesis Report               ; 5000               ; 5000               ;
; Number of Inverted Registers Reported in Synthesis Report        ; 100                ; 100                ;
; Clock MUX Protection                                             ; On                 ; On                 ;
; Auto Gated Clock Conversion                                      ; Off                ; Off                ;
; Block Design Naming                                              ; Auto               ; Auto               ;
; SDC constraint protection                                        ; Off                ; Off                ;
; Synthesis Effort                                                 ; Auto               ; Auto               ;
; Shift Register Replacement - Allow Asynchronous Clear Signal     ; On                 ; On                 ;
; Pre-Mapping Resynthesis Optimization                             ; Off                ; Off                ;
; Analysis & Synthesis Message Level                               ; Medium             ; Medium             ;
; Disable Register Merging Across Hierarchies                      ; Auto               ; Auto               ;
; Resource Aware Inference For Block RAM                           ; On                 ; On                 ;
+------------------------------------------------------------------+--------------------+--------------------+


+------------------------------------------+
; Parallel Compilation                     ;
+----------------------------+-------------+
; Processors                 ; Number      ;
+----------------------------+-------------+
; Number detected on machine ; 12          ;
; Maximum allowed            ; 6           ;
;                            ;             ;
; Average used               ; 1.00        ;
; Maximum used               ; 6           ;
;                            ;             ;
; Usage by Processor         ; % Time Used ;
;     Processor 1            ; 100.0%      ;
;     Processor 2            ;   0.0%      ;
;     Processor 3            ;   0.0%      ;
;     Processor 4            ;   0.0%      ;
;     Processor 5            ;   0.0%      ;
;     Processor 6            ;   0.0%      ;
+----------------------------+-------------+


+--------------------------------------------------------------------------------------------------------------------------------------+
; Analysis & Synthesis Source Files Read                                                                                               ;
+----------------------------------+-----------------+------------------------------+----------------------------------------+---------+
; File Name with User-Entered Path ; Used in Netlist ; File Type                    ; File Name with Absolute Path           ; Library ;
+----------------------------------+-----------------+------------------------------+----------------------------------------+---------+
; modules/Land.sv                  ; yes             ; User SystemVerilog HDL File  ; D:/Github/ECE385-Final/modules/Land.sv ;         ;
+----------------------------------+-----------------+------------------------------+----------------------------------------+---------+


+------------------------------------------------------------+
; Analysis & Synthesis Resource Usage Summary                ;
+---------------------------------------------+--------------+
; Resource                                    ; Usage        ;
+---------------------------------------------+--------------+
; Estimated Total logic elements              ; 19,039       ;
;                                             ;              ;
; Total combinational functions               ; 19039        ;
; Logic element usage by number of LUT inputs ;              ;
;     -- 4 input functions                    ; 15503        ;
;     -- 3 input functions                    ; 2820         ;
;     -- <=2 input functions                  ; 716          ;
;                                             ;              ;
; Logic elements by mode                      ;              ;
;     -- normal mode                          ; 18812        ;
;     -- arithmetic mode                      ; 227          ;
;                                             ;              ;
; Total registers                             ; 0            ;
;     -- Dedicated logic registers            ; 0            ;
;     -- I/O registers                        ; 0            ;
;                                             ;              ;
; I/O pins                                    ; 1381         ;
;                                             ;              ;
; Embedded Multiplier 9-bit elements          ; 0            ;
;                                             ;              ;
; Maximum fan-out node                        ; xin[0]~input ;
; Maximum fan-out                             ; 1247         ;
; Total fan-out                               ; 73929        ;
; Average fan-out                             ; 3.39         ;
+---------------------------------------------+--------------+


+----------------------------------------------------------------------------------------------------------------------------------------------------------------------------------------------------------+
; Analysis & Synthesis Resource Utilization by Entity                                                                                                                                                      ;
+----------------------------+---------------------+---------------------------+-------------+--------------+---------+-----------+------+--------------+---------------------+-------------+--------------+
; Compilation Hierarchy Node ; Combinational ALUTs ; Dedicated Logic Registers ; Memory Bits ; DSP Elements ; DSP 9x9 ; DSP 18x18 ; Pins ; Virtual Pins ; Full Hierarchy Name ; Entity Name ; Library Name ;
+----------------------------+---------------------+---------------------------+-------------+--------------+---------+-----------+------+--------------+---------------------+-------------+--------------+
; |Land                      ; 19039 (19039)       ; 0 (0)                     ; 0           ; 0            ; 0       ; 0         ; 1381 ; 0            ; |Land               ; Land        ; work         ;
+----------------------------+---------------------+---------------------------+-------------+--------------+---------+-----------+------+--------------+---------------------+-------------+--------------+
Note: For table entries with two numbers listed, the numbers in parentheses indicate the number of resources of the given type used by the specific entity alone. The numbers listed outside of parentheses indicate the total resources of the given type used by the specific entity and all of its sub-entities in the hierarchy.


+------------------------------------------------------+
; General Register Statistics                          ;
+----------------------------------------------+-------+
; Statistic                                    ; Value ;
+----------------------------------------------+-------+
; Total registers                              ; 0     ;
; Number of registers using Synchronous Clear  ; 0     ;
; Number of registers using Synchronous Load   ; 0     ;
; Number of registers using Asynchronous Clear ; 0     ;
; Number of registers using Asynchronous Load  ; 0     ;
; Number of registers using Clock Enable       ; 0     ;
; Number of registers using Preset             ; 0     ;
+----------------------------------------------+-------+


+------------------------------------------------------------------------------------------------------------------------------------------+
; Multiplexer Restructuring Statistics (Restructuring Performed)                                                                           ;
+--------------------+-----------+---------------+----------------------+------------------------+------------+----------------------------+
; Multiplexer Inputs ; Bus Width ; Baseline Area ; Area if Restructured ; Saving if Restructured ; Registered ; Example Multiplexer Output ;
+--------------------+-----------+---------------+----------------------+------------------------+------------+----------------------------+
; 4:1                ; 3 bits    ; 6 LEs         ; 6 LEs                ; 0 LEs                  ; No         ; |Land|Mux3                 ;
; 4:1                ; 3 bits    ; 6 LEs         ; 6 LEs                ; 0 LEs                  ; No         ; |Land|Mux15                ;
; 8:1                ; 3 bits    ; 15 LEs        ; 12 LEs               ; 3 LEs                  ; No         ; |Land|Mux3                 ;
; 8:1                ; 3 bits    ; 15 LEs        ; 12 LEs               ; 3 LEs                  ; No         ; |Land|Mux16                ;
; 129:1              ; 3 bits    ; 258 LEs       ; 222 LEs              ; 36 LEs                 ; No         ; |Land|landout              ;
; 9:1                ; 3 bits    ; 18 LEs        ; 18 LEs               ; 0 LEs                  ; No         ; |Land|landout              ;
; 9:1                ; 3 bits    ; 18 LEs        ; 18 LEs               ; 0 LEs                  ; No         ; |Land|landout              ;
; 129:1              ; 3 bits    ; 258 LEs       ; 222 LEs              ; 36 LEs                 ; No         ; |Land|landout              ;
; 129:1              ; 3 bits    ; 258 LEs       ; 222 LEs              ; 36 LEs                 ; No         ; |Land|landout              ;
; 9:1                ; 3 bits    ; 18 LEs        ; 18 LEs               ; 0 LEs                  ; No         ; |Land|landout              ;
; 9:1                ; 3 bits    ; 18 LEs        ; 18 LEs               ; 0 LEs                  ; No         ; |Land|landout              ;
; 129:1              ; 3 bits    ; 258 LEs       ; 222 LEs              ; 36 LEs                 ; No         ; |Land|landout              ;
; 129:1              ; 3 bits    ; 258 LEs       ; 222 LEs              ; 36 LEs                 ; No         ; |Land|landout              ;
; 129:1              ; 3 bits    ; 258 LEs       ; 222 LEs              ; 36 LEs                 ; No         ; |Land|landout              ;
; 129:1              ; 3 bits    ; 258 LEs       ; 222 LEs              ; 36 LEs                 ; No         ; |Land|landout              ;
; 129:1              ; 3 bits    ; 258 LEs       ; 222 LEs              ; 36 LEs                 ; No         ; |Land|landout              ;
; 257:1              ; 3 bits    ; 513 LEs       ; 441 LEs              ; 72 LEs                 ; No         ; |Land|landout              ;
; 257:1              ; 3 bits    ; 513 LEs       ; 441 LEs              ; 72 LEs                 ; No         ; |Land|landout              ;
; 257:1              ; 3 bits    ; 513 LEs       ; 441 LEs              ; 72 LEs                 ; No         ; |Land|landout              ;
; 257:1              ; 3 bits    ; 513 LEs       ; 441 LEs              ; 72 LEs                 ; No         ; |Land|landout              ;
; 16:1               ; 3 bits    ; 30 LEs        ; 27 LEs               ; 3 LEs                  ; No         ; |Land|Mux4                 ;
; 16:1               ; 3 bits    ; 30 LEs        ; 27 LEs               ; 3 LEs                  ; No         ; |Land|Mux17                ;
; 18:1               ; 3 bits    ; 36 LEs        ; 33 LEs               ; 3 LEs                  ; No         ; |Land|landout              ;
; 18:1               ; 3 bits    ; 36 LEs        ; 33 LEs               ; 3 LEs                  ; No         ; |Land|landout              ;
; 18:1               ; 3 bits    ; 36 LEs        ; 33 LEs               ; 3 LEs                  ; No         ; |Land|landout              ;
; 18:1               ; 3 bits    ; 36 LEs        ; 33 LEs               ; 3 LEs                  ; No         ; |Land|landout              ;
; 18:1               ; 3 bits    ; 36 LEs        ; 33 LEs               ; 3 LEs                  ; No         ; |Land|landout              ;
; 18:1               ; 3 bits    ; 36 LEs        ; 33 LEs               ; 3 LEs                  ; No         ; |Land|landout              ;
; 18:1               ; 3 bits    ; 36 LEs        ; 33 LEs               ; 3 LEs                  ; No         ; |Land|landout              ;
; 18:1               ; 3 bits    ; 36 LEs        ; 33 LEs               ; 3 LEs                  ; No         ; |Land|landout              ;
; 18:1               ; 3 bits    ; 36 LEs        ; 33 LEs               ; 3 LEs                  ; No         ; |Land|landout              ;
; 18:1               ; 3 bits    ; 36 LEs        ; 33 LEs               ; 3 LEs                  ; No         ; |Land|landout              ;
; 18:1               ; 3 bits    ; 36 LEs        ; 33 LEs               ; 3 LEs                  ; No         ; |Land|landout              ;
; 18:1               ; 3 bits    ; 36 LEs        ; 33 LEs               ; 3 LEs                  ; No         ; |Land|landout              ;
; 18:1               ; 3 bits    ; 36 LEs        ; 33 LEs               ; 3 LEs                  ; No         ; |Land|landout              ;
; 18:1               ; 3 bits    ; 36 LEs        ; 33 LEs               ; 3 LEs                  ; No         ; |Land|landout              ;
; 18:1               ; 3 bits    ; 36 LEs        ; 33 LEs               ; 3 LEs                  ; No         ; |Land|landout              ;
; 18:1               ; 3 bits    ; 36 LEs        ; 33 LEs               ; 3 LEs                  ; No         ; |Land|landout              ;
; 18:1               ; 3 bits    ; 36 LEs        ; 33 LEs               ; 3 LEs                  ; No         ; |Land|landout              ;
; 18:1               ; 3 bits    ; 36 LEs        ; 33 LEs               ; 3 LEs                  ; No         ; |Land|landout              ;
; 18:1               ; 3 bits    ; 36 LEs        ; 33 LEs               ; 3 LEs                  ; No         ; |Land|landout              ;
; 18:1               ; 3 bits    ; 36 LEs        ; 33 LEs               ; 3 LEs                  ; No         ; |Land|landout              ;
; 18:1               ; 3 bits    ; 36 LEs        ; 33 LEs               ; 3 LEs                  ; No         ; |Land|landout              ;
; 18:1               ; 3 bits    ; 36 LEs        ; 33 LEs               ; 3 LEs                  ; No         ; |Land|landout              ;
; 18:1               ; 3 bits    ; 36 LEs        ; 33 LEs               ; 3 LEs                  ; No         ; |Land|landout              ;
; 18:1               ; 3 bits    ; 36 LEs        ; 33 LEs               ; 3 LEs                  ; No         ; |Land|landout              ;
; 18:1               ; 3 bits    ; 36 LEs        ; 33 LEs               ; 3 LEs                  ; No         ; |Land|landout              ;
; 18:1               ; 3 bits    ; 36 LEs        ; 33 LEs               ; 3 LEs                  ; No         ; |Land|landout              ;
; 18:1               ; 3 bits    ; 36 LEs        ; 33 LEs               ; 3 LEs                  ; No         ; |Land|landout              ;
; 18:1               ; 3 bits    ; 36 LEs        ; 33 LEs               ; 3 LEs                  ; No         ; |Land|landout              ;
; 18:1               ; 3 bits    ; 36 LEs        ; 33 LEs               ; 3 LEs                  ; No         ; |Land|landout              ;
; 18:1               ; 3 bits    ; 36 LEs        ; 33 LEs               ; 3 LEs                  ; No         ; |Land|landout              ;
; 18:1               ; 3 bits    ; 36 LEs        ; 33 LEs               ; 3 LEs                  ; No         ; |Land|landout              ;
; 18:1               ; 3 bits    ; 36 LEs        ; 33 LEs               ; 3 LEs                  ; No         ; |Land|landout              ;
; 18:1               ; 3 bits    ; 36 LEs        ; 33 LEs               ; 3 LEs                  ; No         ; |Land|landout              ;
; 18:1               ; 3 bits    ; 36 LEs        ; 33 LEs               ; 3 LEs                  ; No         ; |Land|landout              ;
; 18:1               ; 3 bits    ; 36 LEs        ; 33 LEs               ; 3 LEs                  ; No         ; |Land|landout              ;
; 18:1               ; 3 bits    ; 36 LEs        ; 33 LEs               ; 3 LEs                  ; No         ; |Land|landout              ;
; 18:1               ; 3 bits    ; 36 LEs        ; 33 LEs               ; 3 LEs                  ; No         ; |Land|landout              ;
; 18:1               ; 3 bits    ; 36 LEs        ; 33 LEs               ; 3 LEs                  ; No         ; |Land|landout              ;
; 18:1               ; 3 bits    ; 36 LEs        ; 33 LEs               ; 3 LEs                  ; No         ; |Land|landout              ;
; 18:1               ; 3 bits    ; 36 LEs        ; 33 LEs               ; 3 LEs                  ; No         ; |Land|landout              ;
; 18:1               ; 3 bits    ; 36 LEs        ; 33 LEs               ; 3 LEs                  ; No         ; |Land|landout              ;
; 18:1               ; 3 bits    ; 36 LEs        ; 33 LEs               ; 3 LEs                  ; No         ; |Land|landout              ;
; 18:1               ; 3 bits    ; 36 LEs        ; 33 LEs               ; 3 LEs                  ; No         ; |Land|landout              ;
; 18:1               ; 3 bits    ; 36 LEs        ; 33 LEs               ; 3 LEs                  ; No         ; |Land|landout              ;
; 18:1               ; 3 bits    ; 36 LEs        ; 33 LEs               ; 3 LEs                  ; No         ; |Land|landout              ;
; 18:1               ; 3 bits    ; 36 LEs        ; 33 LEs               ; 3 LEs                  ; No         ; |Land|landout              ;
; 18:1               ; 3 bits    ; 36 LEs        ; 33 LEs               ; 3 LEs                  ; No         ; |Land|landout              ;
; 18:1               ; 3 bits    ; 36 LEs        ; 33 LEs               ; 3 LEs                  ; No         ; |Land|landout              ;
; 18:1               ; 3 bits    ; 36 LEs        ; 33 LEs               ; 3 LEs                  ; No         ; |Land|landout              ;
; 18:1               ; 3 bits    ; 36 LEs        ; 33 LEs               ; 3 LEs                  ; No         ; |Land|landout              ;
; 18:1               ; 3 bits    ; 36 LEs        ; 33 LEs               ; 3 LEs                  ; No         ; |Land|landout              ;
; 18:1               ; 3 bits    ; 36 LEs        ; 33 LEs               ; 3 LEs                  ; No         ; |Land|landout              ;
; 18:1               ; 3 bits    ; 36 LEs        ; 33 LEs               ; 3 LEs                  ; No         ; |Land|landout              ;
; 18:1               ; 3 bits    ; 36 LEs        ; 33 LEs               ; 3 LEs                  ; No         ; |Land|landout              ;
; 18:1               ; 3 bits    ; 36 LEs        ; 33 LEs               ; 3 LEs                  ; No         ; |Land|landout              ;
; 18:1               ; 3 bits    ; 36 LEs        ; 33 LEs               ; 3 LEs                  ; No         ; |Land|landout              ;
; 18:1               ; 3 bits    ; 36 LEs        ; 33 LEs               ; 3 LEs                  ; No         ; |Land|landout              ;
; 18:1               ; 3 bits    ; 36 LEs        ; 33 LEs               ; 3 LEs                  ; No         ; |Land|landout              ;
; 18:1               ; 3 bits    ; 36 LEs        ; 33 LEs               ; 3 LEs                  ; No         ; |Land|landout              ;
; 18:1               ; 3 bits    ; 36 LEs        ; 33 LEs               ; 3 LEs                  ; No         ; |Land|landout              ;
; 18:1               ; 3 bits    ; 36 LEs        ; 33 LEs               ; 3 LEs                  ; No         ; |Land|landout              ;
; 18:1               ; 3 bits    ; 36 LEs        ; 33 LEs               ; 3 LEs                  ; No         ; |Land|landout              ;
; 18:1               ; 3 bits    ; 36 LEs        ; 33 LEs               ; 3 LEs                  ; No         ; |Land|landout              ;
; 18:1               ; 3 bits    ; 36 LEs        ; 33 LEs               ; 3 LEs                  ; No         ; |Land|landout              ;
; 18:1               ; 3 bits    ; 36 LEs        ; 33 LEs               ; 3 LEs                  ; No         ; |Land|landout              ;
; 18:1               ; 3 bits    ; 36 LEs        ; 33 LEs               ; 3 LEs                  ; No         ; |Land|landout              ;
; 18:1               ; 3 bits    ; 36 LEs        ; 33 LEs               ; 3 LEs                  ; No         ; |Land|landout              ;
; 18:1               ; 3 bits    ; 36 LEs        ; 33 LEs               ; 3 LEs                  ; No         ; |Land|landout              ;
; 18:1               ; 3 bits    ; 36 LEs        ; 33 LEs               ; 3 LEs                  ; No         ; |Land|landout              ;
; 18:1               ; 3 bits    ; 36 LEs        ; 33 LEs               ; 3 LEs                  ; No         ; |Land|landout              ;
; 18:1               ; 3 bits    ; 36 LEs        ; 33 LEs               ; 3 LEs                  ; No         ; |Land|landout              ;
; 18:1               ; 3 bits    ; 36 LEs        ; 33 LEs               ; 3 LEs                  ; No         ; |Land|landout              ;
; 18:1               ; 3 bits    ; 36 LEs        ; 33 LEs               ; 3 LEs                  ; No         ; |Land|landout              ;
; 18:1               ; 3 bits    ; 36 LEs        ; 33 LEs               ; 3 LEs                  ; No         ; |Land|landout              ;
; 18:1               ; 3 bits    ; 36 LEs        ; 33 LEs               ; 3 LEs                  ; No         ; |Land|landout              ;
; 18:1               ; 3 bits    ; 36 LEs        ; 33 LEs               ; 3 LEs                  ; No         ; |Land|landout              ;
; 18:1               ; 3 bits    ; 36 LEs        ; 33 LEs               ; 3 LEs                  ; No         ; |Land|landout              ;
; 18:1               ; 3 bits    ; 36 LEs        ; 33 LEs               ; 3 LEs                  ; No         ; |Land|landout              ;
; 18:1               ; 3 bits    ; 36 LEs        ; 33 LEs               ; 3 LEs                  ; No         ; |Land|landout              ;
; 18:1               ; 3 bits    ; 36 LEs        ; 33 LEs               ; 3 LEs                  ; No         ; |Land|landout              ;
; 18:1               ; 3 bits    ; 36 LEs        ; 33 LEs               ; 3 LEs                  ; No         ; |Land|landout              ;
; 18:1               ; 3 bits    ; 36 LEs        ; 33 LEs               ; 3 LEs                  ; No         ; |Land|landout              ;
; 18:1               ; 3 bits    ; 36 LEs        ; 33 LEs               ; 3 LEs                  ; No         ; |Land|landout              ;
; 18:1               ; 3 bits    ; 36 LEs        ; 33 LEs               ; 3 LEs                  ; No         ; |Land|landout              ;
; 18:1               ; 3 bits    ; 36 LEs        ; 33 LEs               ; 3 LEs                  ; No         ; |Land|landout              ;
; 18:1               ; 3 bits    ; 36 LEs        ; 33 LEs               ; 3 LEs                  ; No         ; |Land|landout              ;
; 18:1               ; 3 bits    ; 36 LEs        ; 33 LEs               ; 3 LEs                  ; No         ; |Land|landout              ;
; 18:1               ; 3 bits    ; 36 LEs        ; 33 LEs               ; 3 LEs                  ; No         ; |Land|landout              ;
; 18:1               ; 3 bits    ; 36 LEs        ; 33 LEs               ; 3 LEs                  ; No         ; |Land|landout              ;
; 18:1               ; 3 bits    ; 36 LEs        ; 33 LEs               ; 3 LEs                  ; No         ; |Land|landout              ;
; 18:1               ; 3 bits    ; 36 LEs        ; 33 LEs               ; 3 LEs                  ; No         ; |Land|landout              ;
; 18:1               ; 3 bits    ; 36 LEs        ; 33 LEs               ; 3 LEs                  ; No         ; |Land|landout              ;
; 18:1               ; 3 bits    ; 36 LEs        ; 33 LEs               ; 3 LEs                  ; No         ; |Land|landout              ;
; 18:1               ; 3 bits    ; 36 LEs        ; 33 LEs               ; 3 LEs                  ; No         ; |Land|landout              ;
; 18:1               ; 3 bits    ; 36 LEs        ; 33 LEs               ; 3 LEs                  ; No         ; |Land|landout              ;
; 18:1               ; 3 bits    ; 36 LEs        ; 33 LEs               ; 3 LEs                  ; No         ; |Land|landout              ;
; 18:1               ; 3 bits    ; 36 LEs        ; 33 LEs               ; 3 LEs                  ; No         ; |Land|landout              ;
; 18:1               ; 3 bits    ; 36 LEs        ; 33 LEs               ; 3 LEs                  ; No         ; |Land|landout              ;
; 18:1               ; 3 bits    ; 36 LEs        ; 33 LEs               ; 3 LEs                  ; No         ; |Land|landout              ;
; 18:1               ; 3 bits    ; 36 LEs        ; 33 LEs               ; 3 LEs                  ; No         ; |Land|landout              ;
; 18:1               ; 3 bits    ; 36 LEs        ; 33 LEs               ; 3 LEs                  ; No         ; |Land|landout              ;
; 18:1               ; 3 bits    ; 36 LEs        ; 33 LEs               ; 3 LEs                  ; No         ; |Land|landout              ;
; 18:1               ; 3 bits    ; 36 LEs        ; 33 LEs               ; 3 LEs                  ; No         ; |Land|landout              ;
; 18:1               ; 3 bits    ; 36 LEs        ; 33 LEs               ; 3 LEs                  ; No         ; |Land|landout              ;
; 18:1               ; 3 bits    ; 36 LEs        ; 33 LEs               ; 3 LEs                  ; No         ; |Land|landout              ;
; 18:1               ; 3 bits    ; 36 LEs        ; 33 LEs               ; 3 LEs                  ; No         ; |Land|landout              ;
; 18:1               ; 3 bits    ; 36 LEs        ; 33 LEs               ; 3 LEs                  ; No         ; |Land|landout              ;
; 18:1               ; 3 bits    ; 36 LEs        ; 33 LEs               ; 3 LEs                  ; No         ; |Land|landout              ;
; 18:1               ; 3 bits    ; 36 LEs        ; 33 LEs               ; 3 LEs                  ; No         ; |Land|landout              ;
; 18:1               ; 3 bits    ; 36 LEs        ; 33 LEs               ; 3 LEs                  ; No         ; |Land|landout              ;
; 18:1               ; 3 bits    ; 36 LEs        ; 33 LEs               ; 3 LEs                  ; No         ; |Land|landout              ;
; 18:1               ; 3 bits    ; 36 LEs        ; 33 LEs               ; 3 LEs                  ; No         ; |Land|landout              ;
; 18:1               ; 3 bits    ; 36 LEs        ; 33 LEs               ; 3 LEs                  ; No         ; |Land|landout              ;
; 18:1               ; 3 bits    ; 36 LEs        ; 33 LEs               ; 3 LEs                  ; No         ; |Land|landout              ;
; 18:1               ; 3 bits    ; 36 LEs        ; 33 LEs               ; 3 LEs                  ; No         ; |Land|landout              ;
; 18:1               ; 3 bits    ; 36 LEs        ; 33 LEs               ; 3 LEs                  ; No         ; |Land|landout              ;
; 18:1               ; 3 bits    ; 36 LEs        ; 33 LEs               ; 3 LEs                  ; No         ; |Land|landout              ;
; 18:1               ; 3 bits    ; 36 LEs        ; 33 LEs               ; 3 LEs                  ; No         ; |Land|landout              ;
; 18:1               ; 3 bits    ; 36 LEs        ; 33 LEs               ; 3 LEs                  ; No         ; |Land|landout              ;
; 18:1               ; 3 bits    ; 36 LEs        ; 33 LEs               ; 3 LEs                  ; No         ; |Land|landout              ;
; 18:1               ; 3 bits    ; 36 LEs        ; 33 LEs               ; 3 LEs                  ; No         ; |Land|landout              ;
; 18:1               ; 3 bits    ; 36 LEs        ; 33 LEs               ; 3 LEs                  ; No         ; |Land|landout              ;
; 18:1               ; 3 bits    ; 36 LEs        ; 33 LEs               ; 3 LEs                  ; No         ; |Land|landout              ;
; 18:1               ; 3 bits    ; 36 LEs        ; 33 LEs               ; 3 LEs                  ; No         ; |Land|landout              ;
; 18:1               ; 3 bits    ; 36 LEs        ; 33 LEs               ; 3 LEs                  ; No         ; |Land|landout              ;
; 18:1               ; 3 bits    ; 36 LEs        ; 33 LEs               ; 3 LEs                  ; No         ; |Land|landout              ;
; 18:1               ; 3 bits    ; 36 LEs        ; 33 LEs               ; 3 LEs                  ; No         ; |Land|landout              ;
; 18:1               ; 3 bits    ; 36 LEs        ; 33 LEs               ; 3 LEs                  ; No         ; |Land|landout              ;
; 18:1               ; 3 bits    ; 36 LEs        ; 33 LEs               ; 3 LEs                  ; No         ; |Land|landout              ;
; 18:1               ; 3 bits    ; 36 LEs        ; 33 LEs               ; 3 LEs                  ; No         ; |Land|landout              ;
; 18:1               ; 3 bits    ; 36 LEs        ; 33 LEs               ; 3 LEs                  ; No         ; |Land|landout              ;
; 18:1               ; 3 bits    ; 36 LEs        ; 33 LEs               ; 3 LEs                  ; No         ; |Land|landout              ;
; 18:1               ; 3 bits    ; 36 LEs        ; 33 LEs               ; 3 LEs                  ; No         ; |Land|landout              ;
; 18:1               ; 3 bits    ; 36 LEs        ; 33 LEs               ; 3 LEs                  ; No         ; |Land|landout              ;
; 18:1               ; 3 bits    ; 36 LEs        ; 33 LEs               ; 3 LEs                  ; No         ; |Land|landout              ;
; 18:1               ; 3 bits    ; 36 LEs        ; 33 LEs               ; 3 LEs                  ; No         ; |Land|landout              ;
; 18:1               ; 3 bits    ; 36 LEs        ; 33 LEs               ; 3 LEs                  ; No         ; |Land|landout              ;
; 18:1               ; 3 bits    ; 36 LEs        ; 33 LEs               ; 3 LEs                  ; No         ; |Land|landout              ;
; 18:1               ; 3 bits    ; 36 LEs        ; 33 LEs               ; 3 LEs                  ; No         ; |Land|landout              ;
; 18:1               ; 3 bits    ; 36 LEs        ; 33 LEs               ; 3 LEs                  ; No         ; |Land|landout              ;
; 18:1               ; 3 bits    ; 36 LEs        ; 33 LEs               ; 3 LEs                  ; No         ; |Land|landout              ;
; 18:1               ; 3 bits    ; 36 LEs        ; 33 LEs               ; 3 LEs                  ; No         ; |Land|landout              ;
; 18:1               ; 3 bits    ; 36 LEs        ; 33 LEs               ; 3 LEs                  ; No         ; |Land|landout              ;
; 18:1               ; 3 bits    ; 36 LEs        ; 33 LEs               ; 3 LEs                  ; No         ; |Land|landout              ;
; 18:1               ; 3 bits    ; 36 LEs        ; 33 LEs               ; 3 LEs                  ; No         ; |Land|landout              ;
; 18:1               ; 3 bits    ; 36 LEs        ; 33 LEs               ; 3 LEs                  ; No         ; |Land|landout              ;
; 18:1               ; 3 bits    ; 36 LEs        ; 33 LEs               ; 3 LEs                  ; No         ; |Land|landout              ;
; 18:1               ; 3 bits    ; 36 LEs        ; 33 LEs               ; 3 LEs                  ; No         ; |Land|landout              ;
; 18:1               ; 3 bits    ; 36 LEs        ; 33 LEs               ; 3 LEs                  ; No         ; |Land|landout              ;
; 18:1               ; 3 bits    ; 36 LEs        ; 33 LEs               ; 3 LEs                  ; No         ; |Land|landout              ;
; 18:1               ; 3 bits    ; 36 LEs        ; 33 LEs               ; 3 LEs                  ; No         ; |Land|landout              ;
; 18:1               ; 3 bits    ; 36 LEs        ; 33 LEs               ; 3 LEs                  ; No         ; |Land|landout              ;
; 18:1               ; 3 bits    ; 36 LEs        ; 33 LEs               ; 3 LEs                  ; No         ; |Land|landout              ;
; 18:1               ; 3 bits    ; 36 LEs        ; 33 LEs               ; 3 LEs                  ; No         ; |Land|landout              ;
; 18:1               ; 3 bits    ; 36 LEs        ; 33 LEs               ; 3 LEs                  ; No         ; |Land|landout              ;
; 18:1               ; 3 bits    ; 36 LEs        ; 33 LEs               ; 3 LEs                  ; No         ; |Land|landout              ;
; 18:1               ; 3 bits    ; 36 LEs        ; 33 LEs               ; 3 LEs                  ; No         ; |Land|landout              ;
; 18:1               ; 3 bits    ; 36 LEs        ; 33 LEs               ; 3 LEs                  ; No         ; |Land|landout              ;
; 18:1               ; 3 bits    ; 36 LEs        ; 33 LEs               ; 3 LEs                  ; No         ; |Land|landout              ;
; 18:1               ; 3 bits    ; 36 LEs        ; 33 LEs               ; 3 LEs                  ; No         ; |Land|landout              ;
; 18:1               ; 3 bits    ; 36 LEs        ; 33 LEs               ; 3 LEs                  ; No         ; |Land|landout              ;
; 18:1               ; 3 bits    ; 36 LEs        ; 33 LEs               ; 3 LEs                  ; No         ; |Land|landout              ;
; 18:1               ; 3 bits    ; 36 LEs        ; 33 LEs               ; 3 LEs                  ; No         ; |Land|landout              ;
; 18:1               ; 3 bits    ; 36 LEs        ; 33 LEs               ; 3 LEs                  ; No         ; |Land|landout              ;
; 18:1               ; 3 bits    ; 36 LEs        ; 33 LEs               ; 3 LEs                  ; No         ; |Land|landout              ;
; 18:1               ; 3 bits    ; 36 LEs        ; 33 LEs               ; 3 LEs                  ; No         ; |Land|landout              ;
; 18:1               ; 3 bits    ; 36 LEs        ; 33 LEs               ; 3 LEs                  ; No         ; |Land|landout              ;
; 18:1               ; 3 bits    ; 36 LEs        ; 33 LEs               ; 3 LEs                  ; No         ; |Land|landout              ;
; 18:1               ; 3 bits    ; 36 LEs        ; 33 LEs               ; 3 LEs                  ; No         ; |Land|landout              ;
; 18:1               ; 3 bits    ; 36 LEs        ; 33 LEs               ; 3 LEs                  ; No         ; |Land|landout              ;
; 18:1               ; 3 bits    ; 36 LEs        ; 33 LEs               ; 3 LEs                  ; No         ; |Land|landout              ;
; 18:1               ; 3 bits    ; 36 LEs        ; 33 LEs               ; 3 LEs                  ; No         ; |Land|landout              ;
; 18:1               ; 3 bits    ; 36 LEs        ; 33 LEs               ; 3 LEs                  ; No         ; |Land|landout              ;
; 18:1               ; 3 bits    ; 36 LEs        ; 33 LEs               ; 3 LEs                  ; No         ; |Land|landout              ;
; 18:1               ; 3 bits    ; 36 LEs        ; 33 LEs               ; 3 LEs                  ; No         ; |Land|landout              ;
; 18:1               ; 3 bits    ; 36 LEs        ; 33 LEs               ; 3 LEs                  ; No         ; |Land|landout              ;
; 18:1               ; 3 bits    ; 36 LEs        ; 33 LEs               ; 3 LEs                  ; No         ; |Land|landout              ;
; 18:1               ; 3 bits    ; 36 LEs        ; 33 LEs               ; 3 LEs                  ; No         ; |Land|landout              ;
; 18:1               ; 3 bits    ; 36 LEs        ; 33 LEs               ; 3 LEs                  ; No         ; |Land|landout              ;
; 18:1               ; 3 bits    ; 36 LEs        ; 33 LEs               ; 3 LEs                  ; No         ; |Land|landout              ;
; 18:1               ; 3 bits    ; 36 LEs        ; 33 LEs               ; 3 LEs                  ; No         ; |Land|landout              ;
; 18:1               ; 3 bits    ; 36 LEs        ; 33 LEs               ; 3 LEs                  ; No         ; |Land|landout              ;
; 18:1               ; 3 bits    ; 36 LEs        ; 33 LEs               ; 3 LEs                  ; No         ; |Land|landout              ;
; 18:1               ; 3 bits    ; 36 LEs        ; 33 LEs               ; 3 LEs                  ; No         ; |Land|landout              ;
; 18:1               ; 3 bits    ; 36 LEs        ; 33 LEs               ; 3 LEs                  ; No         ; |Land|landout              ;
; 18:1               ; 3 bits    ; 36 LEs        ; 33 LEs               ; 3 LEs                  ; No         ; |Land|landout              ;
; 18:1               ; 3 bits    ; 36 LEs        ; 33 LEs               ; 3 LEs                  ; No         ; |Land|landout              ;
; 18:1               ; 3 bits    ; 36 LEs        ; 33 LEs               ; 3 LEs                  ; No         ; |Land|landout              ;
; 18:1               ; 3 bits    ; 36 LEs        ; 33 LEs               ; 3 LEs                  ; No         ; |Land|landout              ;
; 18:1               ; 3 bits    ; 36 LEs        ; 33 LEs               ; 3 LEs                  ; No         ; |Land|landout              ;
; 18:1               ; 3 bits    ; 36 LEs        ; 33 LEs               ; 3 LEs                  ; No         ; |Land|landout              ;
; 18:1               ; 3 bits    ; 36 LEs        ; 33 LEs               ; 3 LEs                  ; No         ; |Land|landout              ;
; 18:1               ; 3 bits    ; 36 LEs        ; 33 LEs               ; 3 LEs                  ; No         ; |Land|landout              ;
; 18:1               ; 3 bits    ; 36 LEs        ; 33 LEs               ; 3 LEs                  ; No         ; |Land|landout              ;
; 18:1               ; 3 bits    ; 36 LEs        ; 33 LEs               ; 3 LEs                  ; No         ; |Land|landout              ;
; 18:1               ; 3 bits    ; 36 LEs        ; 33 LEs               ; 3 LEs                  ; No         ; |Land|landout              ;
; 18:1               ; 3 bits    ; 36 LEs        ; 33 LEs               ; 3 LEs                  ; No         ; |Land|landout              ;
; 18:1               ; 3 bits    ; 36 LEs        ; 33 LEs               ; 3 LEs                  ; No         ; |Land|landout              ;
; 18:1               ; 3 bits    ; 36 LEs        ; 33 LEs               ; 3 LEs                  ; No         ; |Land|landout              ;
; 18:1               ; 3 bits    ; 36 LEs        ; 33 LEs               ; 3 LEs                  ; No         ; |Land|landout              ;
; 18:1               ; 3 bits    ; 36 LEs        ; 33 LEs               ; 3 LEs                  ; No         ; |Land|landout              ;
; 18:1               ; 3 bits    ; 36 LEs        ; 33 LEs               ; 3 LEs                  ; No         ; |Land|landout              ;
; 18:1               ; 3 bits    ; 36 LEs        ; 33 LEs               ; 3 LEs                  ; No         ; |Land|landout              ;
; 18:1               ; 3 bits    ; 36 LEs        ; 33 LEs               ; 3 LEs                  ; No         ; |Land|landout              ;
; 18:1               ; 3 bits    ; 36 LEs        ; 33 LEs               ; 3 LEs                  ; No         ; |Land|landout              ;
; 18:1               ; 3 bits    ; 36 LEs        ; 33 LEs               ; 3 LEs                  ; No         ; |Land|landout              ;
; 18:1               ; 3 bits    ; 36 LEs        ; 33 LEs               ; 3 LEs                  ; No         ; |Land|landout              ;
; 18:1               ; 3 bits    ; 36 LEs        ; 33 LEs               ; 3 LEs                  ; No         ; |Land|landout              ;
; 18:1               ; 3 bits    ; 36 LEs        ; 33 LEs               ; 3 LEs                  ; No         ; |Land|landout              ;
; 18:1               ; 3 bits    ; 36 LEs        ; 33 LEs               ; 3 LEs                  ; No         ; |Land|landout              ;
; 18:1               ; 3 bits    ; 36 LEs        ; 33 LEs               ; 3 LEs                  ; No         ; |Land|landout              ;
; 18:1               ; 3 bits    ; 36 LEs        ; 33 LEs               ; 3 LEs                  ; No         ; |Land|landout              ;
; 18:1               ; 3 bits    ; 36 LEs        ; 33 LEs               ; 3 LEs                  ; No         ; |Land|landout              ;
; 18:1               ; 3 bits    ; 36 LEs        ; 33 LEs               ; 3 LEs                  ; No         ; |Land|landout              ;
; 18:1               ; 3 bits    ; 36 LEs        ; 33 LEs               ; 3 LEs                  ; No         ; |Land|landout              ;
; 18:1               ; 3 bits    ; 36 LEs        ; 33 LEs               ; 3 LEs                  ; No         ; |Land|landout              ;
; 18:1               ; 3 bits    ; 36 LEs        ; 33 LEs               ; 3 LEs                  ; No         ; |Land|landout              ;
; 18:1               ; 3 bits    ; 36 LEs        ; 33 LEs               ; 3 LEs                  ; No         ; |Land|landout              ;
; 18:1               ; 3 bits    ; 36 LEs        ; 33 LEs               ; 3 LEs                  ; No         ; |Land|landout              ;
; 18:1               ; 3 bits    ; 36 LEs        ; 33 LEs               ; 3 LEs                  ; No         ; |Land|landout              ;
; 32:1               ; 3 bits    ; 63 LEs        ; 54 LEs               ; 9 LEs                  ; No         ; |Land|Mux5                 ;
; 32:1               ; 3 bits    ; 63 LEs        ; 54 LEs               ; 9 LEs                  ; No         ; |Land|Mux15                ;
; 64:1               ; 3 bits    ; 126 LEs       ; 111 LEs              ; 15 LEs                 ; No         ; |Land|Mux4                 ;
; 64:1               ; 3 bits    ; 126 LEs       ; 111 LEs              ; 15 LEs                 ; No         ; |Land|Mux15                ;
+--------------------+-----------+---------------+----------------------+------------------------+------------+----------------------------+


+-----------------------------------------------------+
; Post-Synthesis Netlist Statistics for Top Partition ;
+-----------------------+-----------------------------+
; Type                  ; Count                       ;
+-----------------------+-----------------------------+
; boundary_port         ; 1381                        ;
; cycloneiii_lcell_comb ; 19039                       ;
;     arith             ; 227                         ;
;         2 data inputs ; 125                         ;
;         3 data inputs ; 102                         ;
;     normal            ; 18812                       ;
;         0 data inputs ; 1                           ;
;         1 data inputs ; 14                          ;
;         2 data inputs ; 576                         ;
;         3 data inputs ; 2718                        ;
;         4 data inputs ; 15503                       ;
;                       ;                             ;
; Max LUT depth         ; 21.00                       ;
; Average LUT depth     ; 17.51                       ;
+-----------------------+-----------------------------+


+-------------------------------+
; Elapsed Time Per Partition    ;
+----------------+--------------+
; Partition Name ; Elapsed Time ;
+----------------+--------------+
; Top            ; 00:01:10     ;
+----------------+--------------+


+-------------------------------+
; Analysis & Synthesis Messages ;
+-------------------------------+
Info: *******************************************************************
Info: Running Quartus Prime Analysis & Synthesis
    Info: Version 18.1.0 Build 625 09/12/2018 SJ Lite Edition
    Info: Processing started: Mon May 04 17:42:10 2020
Info: Command: quartus_map --read_settings_files=on --write_settings_files=off Finalproject -c Final
Warning (18236): Number of processors has not been specified which may cause overloading on shared machines.  Set the global assignment NUM_PARALLEL_PROCESSORS in your QSF to an appropriate value for best performance.
Info (20030): Parallel compilation is enabled and will use 6 of the 6 processors detected
Info (12021): Found 1 design units, including 1 entities, in source file modules/testbench.sv
    Info (12023): Found entity 1: testbench File: D:/Github/ECE385-Final/modules/testbench.sv Line: 1
Info (12021): Found 1 design units, including 1 entities, in source file modules/fsm test.sv
    Info (12023): Found entity 1: FSMtest File: D:/Github/ECE385-Final/modules/FSM test.sv Line: 1
Info (12021): Found 1 design units, including 1 entities, in source file final_soc/synthesis/final_soc.v
    Info (12023): Found entity 1: final_soc File: D:/Github/ECE385-Final/final_soc/synthesis/final_soc.v Line: 6
Info (12021): Found 1 design units, including 1 entities, in source file final_soc/synthesis/submodules/altera_reset_controller.v
    Info (12023): Found entity 1: altera_reset_controller File: D:/Github/ECE385-Final/final_soc/synthesis/submodules/altera_reset_controller.v Line: 42
Info (12021): Found 1 design units, including 1 entities, in source file final_soc/synthesis/submodules/altera_reset_synchronizer.v
    Info (12023): Found entity 1: altera_reset_synchronizer File: D:/Github/ECE385-Final/final_soc/synthesis/submodules/altera_reset_synchronizer.v Line: 24
Info (12021): Found 1 design units, including 1 entities, in source file final_soc/synthesis/submodules/final_soc_irq_mapper.sv
    Info (12023): Found entity 1: final_soc_irq_mapper File: D:/Github/ECE385-Final/final_soc/synthesis/submodules/final_soc_irq_mapper.sv Line: 31
Info (12021): Found 1 design units, including 1 entities, in source file final_soc/synthesis/submodules/final_soc_mm_interconnect_0.v
    Info (12023): Found entity 1: final_soc_mm_interconnect_0 File: D:/Github/ECE385-Final/final_soc/synthesis/submodules/final_soc_mm_interconnect_0.v Line: 9
Info (12021): Found 1 design units, including 1 entities, in source file final_soc/synthesis/submodules/final_soc_mm_interconnect_0_avalon_st_adapter.v
    Info (12023): Found entity 1: final_soc_mm_interconnect_0_avalon_st_adapter File: D:/Github/ECE385-Final/final_soc/synthesis/submodules/final_soc_mm_interconnect_0_avalon_st_adapter.v Line: 9
Info (12021): Found 1 design units, including 1 entities, in source file final_soc/synthesis/submodules/final_soc_mm_interconnect_0_avalon_st_adapter_error_adapter_0.sv
    Info (12023): Found entity 1: final_soc_mm_interconnect_0_avalon_st_adapter_error_adapter_0 File: D:/Github/ECE385-Final/final_soc/synthesis/submodules/final_soc_mm_interconnect_0_avalon_st_adapter_error_adapter_0.sv Line: 66
Info (12021): Found 1 design units, including 1 entities, in source file final_soc/synthesis/submodules/altera_avalon_st_handshake_clock_crosser.v
    Info (12023): Found entity 1: altera_avalon_st_handshake_clock_crosser File: D:/Github/ECE385-Final/final_soc/synthesis/submodules/altera_avalon_st_handshake_clock_crosser.v Line: 24
Info (12021): Found 1 design units, including 1 entities, in source file final_soc/synthesis/submodules/altera_avalon_st_clock_crosser.v
    Info (12023): Found entity 1: altera_avalon_st_clock_crosser File: D:/Github/ECE385-Final/final_soc/synthesis/submodules/altera_avalon_st_clock_crosser.v Line: 22
Info (12021): Found 1 design units, including 1 entities, in source file final_soc/synthesis/submodules/altera_avalon_st_pipeline_base.v
    Info (12023): Found entity 1: altera_avalon_st_pipeline_base File: D:/Github/ECE385-Final/final_soc/synthesis/submodules/altera_avalon_st_pipeline_base.v Line: 22
Info (12021): Found 1 design units, including 1 entities, in source file final_soc/synthesis/submodules/altera_std_synchronizer_nocut.v
    Info (12023): Found entity 1: altera_std_synchronizer_nocut File: D:/Github/ECE385-Final/final_soc/synthesis/submodules/altera_std_synchronizer_nocut.v Line: 44
Info (12021): Found 1 design units, including 1 entities, in source file final_soc/synthesis/submodules/final_soc_mm_interconnect_0_rsp_mux_001.sv
    Info (12023): Found entity 1: final_soc_mm_interconnect_0_rsp_mux_001 File: D:/Github/ECE385-Final/final_soc/synthesis/submodules/final_soc_mm_interconnect_0_rsp_mux_001.sv Line: 51
Info (12021): Found 2 design units, including 2 entities, in source file final_soc/synthesis/submodules/altera_merlin_arbitrator.sv
    Info (12023): Found entity 1: altera_merlin_arbitrator File: D:/Github/ECE385-Final/final_soc/synthesis/submodules/altera_merlin_arbitrator.sv Line: 103
    Info (12023): Found entity 2: altera_merlin_arb_adder File: D:/Github/ECE385-Final/final_soc/synthesis/submodules/altera_merlin_arbitrator.sv Line: 228
Info (12021): Found 1 design units, including 1 entities, in source file final_soc/synthesis/submodules/final_soc_mm_interconnect_0_rsp_mux.sv
    Info (12023): Found entity 1: final_soc_mm_interconnect_0_rsp_mux File: D:/Github/ECE385-Final/final_soc/synthesis/submodules/final_soc_mm_interconnect_0_rsp_mux.sv Line: 51
Info (12021): Found 1 design units, including 1 entities, in source file final_soc/synthesis/submodules/final_soc_mm_interconnect_0_rsp_demux_001.sv
    Info (12023): Found entity 1: final_soc_mm_interconnect_0_rsp_demux_001 File: D:/Github/ECE385-Final/final_soc/synthesis/submodules/final_soc_mm_interconnect_0_rsp_demux_001.sv Line: 43
Info (12021): Found 1 design units, including 1 entities, in source file final_soc/synthesis/submodules/final_soc_mm_interconnect_0_rsp_demux.sv
    Info (12023): Found entity 1: final_soc_mm_interconnect_0_rsp_demux File: D:/Github/ECE385-Final/final_soc/synthesis/submodules/final_soc_mm_interconnect_0_rsp_demux.sv Line: 43
Info (12021): Found 1 design units, including 1 entities, in source file final_soc/synthesis/submodules/final_soc_mm_interconnect_0_cmd_mux_001.sv
    Info (12023): Found entity 1: final_soc_mm_interconnect_0_cmd_mux_001 File: D:/Github/ECE385-Final/final_soc/synthesis/submodules/final_soc_mm_interconnect_0_cmd_mux_001.sv Line: 51
Info (12021): Found 1 design units, including 1 entities, in source file final_soc/synthesis/submodules/final_soc_mm_interconnect_0_cmd_mux.sv
    Info (12023): Found entity 1: final_soc_mm_interconnect_0_cmd_mux File: D:/Github/ECE385-Final/final_soc/synthesis/submodules/final_soc_mm_interconnect_0_cmd_mux.sv Line: 51
Info (12021): Found 1 design units, including 1 entities, in source file final_soc/synthesis/submodules/final_soc_mm_interconnect_0_cmd_demux_001.sv
    Info (12023): Found entity 1: final_soc_mm_interconnect_0_cmd_demux_001 File: D:/Github/ECE385-Final/final_soc/synthesis/submodules/final_soc_mm_interconnect_0_cmd_demux_001.sv Line: 43
Info (12021): Found 1 design units, including 1 entities, in source file final_soc/synthesis/submodules/final_soc_mm_interconnect_0_cmd_demux.sv
    Info (12023): Found entity 1: final_soc_mm_interconnect_0_cmd_demux File: D:/Github/ECE385-Final/final_soc/synthesis/submodules/final_soc_mm_interconnect_0_cmd_demux.sv Line: 43
Info (12021): Found 2 design units, including 2 entities, in source file final_soc/synthesis/submodules/final_soc_mm_interconnect_0_router_003.sv
    Info (12023): Found entity 1: final_soc_mm_interconnect_0_router_003_default_decode File: D:/Github/ECE385-Final/final_soc/synthesis/submodules/final_soc_mm_interconnect_0_router_003.sv Line: 45
    Info (12023): Found entity 2: final_soc_mm_interconnect_0_router_003 File: D:/Github/ECE385-Final/final_soc/synthesis/submodules/final_soc_mm_interconnect_0_router_003.sv Line: 84
Info (12021): Found 2 design units, including 2 entities, in source file final_soc/synthesis/submodules/final_soc_mm_interconnect_0_router_002.sv
    Info (12023): Found entity 1: final_soc_mm_interconnect_0_router_002_default_decode File: D:/Github/ECE385-Final/final_soc/synthesis/submodules/final_soc_mm_interconnect_0_router_002.sv Line: 45
    Info (12023): Found entity 2: final_soc_mm_interconnect_0_router_002 File: D:/Github/ECE385-Final/final_soc/synthesis/submodules/final_soc_mm_interconnect_0_router_002.sv Line: 84
Info (12021): Found 2 design units, including 2 entities, in source file final_soc/synthesis/submodules/final_soc_mm_interconnect_0_router_001.sv
    Info (12023): Found entity 1: final_soc_mm_interconnect_0_router_001_default_decode File: D:/Github/ECE385-Final/final_soc/synthesis/submodules/final_soc_mm_interconnect_0_router_001.sv Line: 45
    Info (12023): Found entity 2: final_soc_mm_interconnect_0_router_001 File: D:/Github/ECE385-Final/final_soc/synthesis/submodules/final_soc_mm_interconnect_0_router_001.sv Line: 84
Info (12021): Found 2 design units, including 2 entities, in source file final_soc/synthesis/submodules/final_soc_mm_interconnect_0_router.sv
    Info (12023): Found entity 1: final_soc_mm_interconnect_0_router_default_decode File: D:/Github/ECE385-Final/final_soc/synthesis/submodules/final_soc_mm_interconnect_0_router.sv Line: 45
    Info (12023): Found entity 2: final_soc_mm_interconnect_0_router File: D:/Github/ECE385-Final/final_soc/synthesis/submodules/final_soc_mm_interconnect_0_router.sv Line: 84
Info (12021): Found 1 design units, including 1 entities, in source file final_soc/synthesis/submodules/altera_avalon_sc_fifo.v
    Info (12023): Found entity 1: altera_avalon_sc_fifo File: D:/Github/ECE385-Final/final_soc/synthesis/submodules/altera_avalon_sc_fifo.v Line: 21
Info (12021): Found 1 design units, including 1 entities, in source file final_soc/synthesis/submodules/altera_merlin_slave_agent.sv
    Info (12023): Found entity 1: altera_merlin_slave_agent File: D:/Github/ECE385-Final/final_soc/synthesis/submodules/altera_merlin_slave_agent.sv Line: 34
Info (12021): Found 1 design units, including 1 entities, in source file final_soc/synthesis/submodules/altera_merlin_burst_uncompressor.sv
    Info (12023): Found entity 1: altera_merlin_burst_uncompressor File: D:/Github/ECE385-Final/final_soc/synthesis/submodules/altera_merlin_burst_uncompressor.sv Line: 40
Info (12021): Found 1 design units, including 1 entities, in source file final_soc/synthesis/submodules/altera_merlin_master_agent.sv
    Info (12023): Found entity 1: altera_merlin_master_agent File: D:/Github/ECE385-Final/final_soc/synthesis/submodules/altera_merlin_master_agent.sv Line: 28
Info (12021): Found 1 design units, including 1 entities, in source file final_soc/synthesis/submodules/altera_merlin_slave_translator.sv
    Info (12023): Found entity 1: altera_merlin_slave_translator File: D:/Github/ECE385-Final/final_soc/synthesis/submodules/altera_merlin_slave_translator.sv Line: 35
Info (12021): Found 1 design units, including 1 entities, in source file final_soc/synthesis/submodules/altera_merlin_master_translator.sv
    Info (12023): Found entity 1: altera_merlin_master_translator File: D:/Github/ECE385-Final/final_soc/synthesis/submodules/altera_merlin_master_translator.sv Line: 32
Info (12021): Found 1 design units, including 1 entities, in source file final_soc/synthesis/submodules/final_soc_sysid_qsys_0.v
    Info (12023): Found entity 1: final_soc_sysid_qsys_0 File: D:/Github/ECE385-Final/final_soc/synthesis/submodules/final_soc_sysid_qsys_0.v Line: 34
Info (12021): Found 4 design units, including 4 entities, in source file final_soc/synthesis/submodules/final_soc_sdram_pll.v
    Info (12023): Found entity 1: final_soc_sdram_pll_dffpipe_l2c File: D:/Github/ECE385-Final/final_soc/synthesis/submodules/final_soc_sdram_pll.v Line: 37
    Info (12023): Found entity 2: final_soc_sdram_pll_stdsync_sv6 File: D:/Github/ECE385-Final/final_soc/synthesis/submodules/final_soc_sdram_pll.v Line: 98
    Info (12023): Found entity 3: final_soc_sdram_pll_altpll_lqa2 File: D:/Github/ECE385-Final/final_soc/synthesis/submodules/final_soc_sdram_pll.v Line: 130
    Info (12023): Found entity 4: final_soc_sdram_pll File: D:/Github/ECE385-Final/final_soc/synthesis/submodules/final_soc_sdram_pll.v Line: 217
Info (12021): Found 2 design units, including 2 entities, in source file final_soc/synthesis/submodules/final_soc_sdram.v
    Info (12023): Found entity 1: final_soc_sdram_input_efifo_module File: D:/Github/ECE385-Final/final_soc/synthesis/submodules/final_soc_sdram.v Line: 21
    Info (12023): Found entity 2: final_soc_sdram File: D:/Github/ECE385-Final/final_soc/synthesis/submodules/final_soc_sdram.v Line: 159
Info (12021): Found 1 design units, including 1 entities, in source file final_soc/synthesis/submodules/final_soc_otg_hpi_data.v
    Info (12023): Found entity 1: final_soc_otg_hpi_data File: D:/Github/ECE385-Final/final_soc/synthesis/submodules/final_soc_otg_hpi_data.v Line: 21
Info (12021): Found 1 design units, including 1 entities, in source file final_soc/synthesis/submodules/final_soc_otg_hpi_cs.v
    Info (12023): Found entity 1: final_soc_otg_hpi_cs File: D:/Github/ECE385-Final/final_soc/synthesis/submodules/final_soc_otg_hpi_cs.v Line: 21
Info (12021): Found 1 design units, including 1 entities, in source file final_soc/synthesis/submodules/final_soc_otg_hpi_address.v
    Info (12023): Found entity 1: final_soc_otg_hpi_address File: D:/Github/ECE385-Final/final_soc/synthesis/submodules/final_soc_otg_hpi_address.v Line: 21
Info (12021): Found 1 design units, including 1 entities, in source file final_soc/synthesis/submodules/final_soc_onchip_memory2_0.v
    Info (12023): Found entity 1: final_soc_onchip_memory2_0 File: D:/Github/ECE385-Final/final_soc/synthesis/submodules/final_soc_onchip_memory2_0.v Line: 21
Info (12021): Found 1 design units, including 1 entities, in source file final_soc/synthesis/submodules/final_soc_nios2_gen2_0.v
    Info (12023): Found entity 1: final_soc_nios2_gen2_0 File: D:/Github/ECE385-Final/final_soc/synthesis/submodules/final_soc_nios2_gen2_0.v Line: 9
Info (12021): Found 21 design units, including 21 entities, in source file final_soc/synthesis/submodules/final_soc_nios2_gen2_0_cpu.v
    Info (12023): Found entity 1: final_soc_nios2_gen2_0_cpu_register_bank_a_module File: D:/Github/ECE385-Final/final_soc/synthesis/submodules/final_soc_nios2_gen2_0_cpu.v Line: 21
    Info (12023): Found entity 2: final_soc_nios2_gen2_0_cpu_register_bank_b_module File: D:/Github/ECE385-Final/final_soc/synthesis/submodules/final_soc_nios2_gen2_0_cpu.v Line: 87
    Info (12023): Found entity 3: final_soc_nios2_gen2_0_cpu_nios2_oci_debug File: D:/Github/ECE385-Final/final_soc/synthesis/submodules/final_soc_nios2_gen2_0_cpu.v Line: 153
    Info (12023): Found entity 4: final_soc_nios2_gen2_0_cpu_nios2_oci_break File: D:/Github/ECE385-Final/final_soc/synthesis/submodules/final_soc_nios2_gen2_0_cpu.v Line: 295
    Info (12023): Found entity 5: final_soc_nios2_gen2_0_cpu_nios2_oci_xbrk File: D:/Github/ECE385-Final/final_soc/synthesis/submodules/final_soc_nios2_gen2_0_cpu.v Line: 588
    Info (12023): Found entity 6: final_soc_nios2_gen2_0_cpu_nios2_oci_dbrk File: D:/Github/ECE385-Final/final_soc/synthesis/submodules/final_soc_nios2_gen2_0_cpu.v Line: 795
    Info (12023): Found entity 7: final_soc_nios2_gen2_0_cpu_nios2_oci_itrace File: D:/Github/ECE385-Final/final_soc/synthesis/submodules/final_soc_nios2_gen2_0_cpu.v Line: 982
    Info (12023): Found entity 8: final_soc_nios2_gen2_0_cpu_nios2_oci_td_mode File: D:/Github/ECE385-Final/final_soc/synthesis/submodules/final_soc_nios2_gen2_0_cpu.v Line: 1115
    Info (12023): Found entity 9: final_soc_nios2_gen2_0_cpu_nios2_oci_dtrace File: D:/Github/ECE385-Final/final_soc/synthesis/submodules/final_soc_nios2_gen2_0_cpu.v Line: 1183
    Info (12023): Found entity 10: final_soc_nios2_gen2_0_cpu_nios2_oci_compute_input_tm_cnt File: D:/Github/ECE385-Final/final_soc/synthesis/submodules/final_soc_nios2_gen2_0_cpu.v Line: 1265
    Info (12023): Found entity 11: final_soc_nios2_gen2_0_cpu_nios2_oci_fifo_wrptr_inc File: D:/Github/ECE385-Final/final_soc/synthesis/submodules/final_soc_nios2_gen2_0_cpu.v Line: 1337
    Info (12023): Found entity 12: final_soc_nios2_gen2_0_cpu_nios2_oci_fifo_cnt_inc File: D:/Github/ECE385-Final/final_soc/synthesis/submodules/final_soc_nios2_gen2_0_cpu.v Line: 1380
    Info (12023): Found entity 13: final_soc_nios2_gen2_0_cpu_nios2_oci_fifo File: D:/Github/ECE385-Final/final_soc/synthesis/submodules/final_soc_nios2_gen2_0_cpu.v Line: 1427
    Info (12023): Found entity 14: final_soc_nios2_gen2_0_cpu_nios2_oci_pib File: D:/Github/ECE385-Final/final_soc/synthesis/submodules/final_soc_nios2_gen2_0_cpu.v Line: 1913
    Info (12023): Found entity 15: final_soc_nios2_gen2_0_cpu_nios2_oci_im File: D:/Github/ECE385-Final/final_soc/synthesis/submodules/final_soc_nios2_gen2_0_cpu.v Line: 1936
    Info (12023): Found entity 16: final_soc_nios2_gen2_0_cpu_nios2_performance_monitors File: D:/Github/ECE385-Final/final_soc/synthesis/submodules/final_soc_nios2_gen2_0_cpu.v Line: 2006
    Info (12023): Found entity 17: final_soc_nios2_gen2_0_cpu_nios2_avalon_reg File: D:/Github/ECE385-Final/final_soc/synthesis/submodules/final_soc_nios2_gen2_0_cpu.v Line: 2023
    Info (12023): Found entity 18: final_soc_nios2_gen2_0_cpu_ociram_sp_ram_module File: D:/Github/ECE385-Final/final_soc/synthesis/submodules/final_soc_nios2_gen2_0_cpu.v Line: 2116
    Info (12023): Found entity 19: final_soc_nios2_gen2_0_cpu_nios2_ocimem File: D:/Github/ECE385-Final/final_soc/synthesis/submodules/final_soc_nios2_gen2_0_cpu.v Line: 2181
    Info (12023): Found entity 20: final_soc_nios2_gen2_0_cpu_nios2_oci File: D:/Github/ECE385-Final/final_soc/synthesis/submodules/final_soc_nios2_gen2_0_cpu.v Line: 2362
    Info (12023): Found entity 21: final_soc_nios2_gen2_0_cpu File: D:/Github/ECE385-Final/final_soc/synthesis/submodules/final_soc_nios2_gen2_0_cpu.v Line: 2834
Info (12021): Found 1 design units, including 1 entities, in source file final_soc/synthesis/submodules/final_soc_nios2_gen2_0_cpu_debug_slave_sysclk.v
    Info (12023): Found entity 1: final_soc_nios2_gen2_0_cpu_debug_slave_sysclk File: D:/Github/ECE385-Final/final_soc/synthesis/submodules/final_soc_nios2_gen2_0_cpu_debug_slave_sysclk.v Line: 21
Info (12021): Found 1 design units, including 1 entities, in source file final_soc/synthesis/submodules/final_soc_nios2_gen2_0_cpu_debug_slave_tck.v
    Info (12023): Found entity 1: final_soc_nios2_gen2_0_cpu_debug_slave_tck File: D:/Github/ECE385-Final/final_soc/synthesis/submodules/final_soc_nios2_gen2_0_cpu_debug_slave_tck.v Line: 21
Info (12021): Found 1 design units, including 1 entities, in source file final_soc/synthesis/submodules/final_soc_nios2_gen2_0_cpu_debug_slave_wrapper.v
    Info (12023): Found entity 1: final_soc_nios2_gen2_0_cpu_debug_slave_wrapper File: D:/Github/ECE385-Final/final_soc/synthesis/submodules/final_soc_nios2_gen2_0_cpu_debug_slave_wrapper.v Line: 21
Info (12021): Found 1 design units, including 1 entities, in source file final_soc/synthesis/submodules/final_soc_nios2_gen2_0_cpu_test_bench.v
    Info (12023): Found entity 1: final_soc_nios2_gen2_0_cpu_test_bench File: D:/Github/ECE385-Final/final_soc/synthesis/submodules/final_soc_nios2_gen2_0_cpu_test_bench.v Line: 21
Info (12021): Found 1 design units, including 1 entities, in source file final_soc/synthesis/submodules/final_soc_keycode.v
    Info (12023): Found entity 1: final_soc_keycode File: D:/Github/ECE385-Final/final_soc/synthesis/submodules/final_soc_keycode.v Line: 21
Info (12021): Found 5 design units, including 5 entities, in source file final_soc/synthesis/submodules/final_soc_jtag_uart.v
    Info (12023): Found entity 1: final_soc_jtag_uart_sim_scfifo_w File: D:/Github/ECE385-Final/final_soc/synthesis/submodules/final_soc_jtag_uart.v Line: 21
    Info (12023): Found entity 2: final_soc_jtag_uart_scfifo_w File: D:/Github/ECE385-Final/final_soc/synthesis/submodules/final_soc_jtag_uart.v Line: 78
    Info (12023): Found entity 3: final_soc_jtag_uart_sim_scfifo_r File: D:/Github/ECE385-Final/final_soc/synthesis/submodules/final_soc_jtag_uart.v Line: 164
    Info (12023): Found entity 4: final_soc_jtag_uart_scfifo_r File: D:/Github/ECE385-Final/final_soc/synthesis/submodules/final_soc_jtag_uart.v Line: 243
    Info (12023): Found entity 5: final_soc_jtag_uart File: D:/Github/ECE385-Final/final_soc/synthesis/submodules/final_soc_jtag_uart.v Line: 331
Info (12021): Found 1 design units, including 1 entities, in source file modules/newtile.sv
    Info (12023): Found entity 1: NewTile File: D:/Github/ECE385-Final/modules/NewTile.sv Line: 1
Info (12021): Found 1 design units, including 1 entities, in source file modules/gameover.sv
    Info (12023): Found entity 1: Gameover File: D:/Github/ECE385-Final/modules/Gameover.sv Line: 1
Info (12021): Found 3 design units, including 3 entities, in source file modules/clear.sv
    Info (12023): Found entity 1: Clear File: D:/Github/ECE385-Final/modules/Clear.sv Line: 1
    Info (12023): Found entity 2: Lineclear File: D:/Github/ECE385-Final/modules/Clear.sv Line: 130
    Info (12023): Found entity 3: Linecheck File: D:/Github/ECE385-Final/modules/Clear.sv Line: 157
Info (12021): Found 1 design units, including 1 entities, in source file modules/rotate.sv
    Info (12023): Found entity 1: Rotate File: D:/Github/ECE385-Final/modules/Rotate.sv Line: 1
Info (12021): Found 1 design units, including 1 entities, in source file modules/piecemux.sv
    Info (12023): Found entity 1: PieceMux File: D:/Github/ECE385-Final/modules/PieceMux.sv Line: 1
Info (12021): Found 1 design units, including 1 entities, in source file modules/piececontroller.sv
    Info (12023): Found entity 1: PieceController File: D:/Github/ECE385-Final/modules/PieceController.sv Line: 1
Info (12021): Found 1 design units, including 1 entities, in source file modules/gameboard.sv
    Info (12023): Found entity 1: Gameboard File: D:/Github/ECE385-Final/modules/Gameboard.sv Line: 1
Info (12021): Found 1 design units, including 1 entities, in source file modules/boardmux.sv
    Info (12023): Found entity 1: BoardMux File: D:/Github/ECE385-Final/modules/BoardMux.sv Line: 1
Info (12021): Found 1 design units, including 1 entities, in source file modules/counter.sv
    Info (12023): Found entity 1: Counter File: D:/Github/ECE385-Final/modules/Counter.sv Line: 1
Info (12021): Found 1 design units, including 1 entities, in source file modules/fsm.sv
    Info (12023): Found entity 1: FSM File: D:/Github/ECE385-Final/modules/FSM.sv Line: 1
Info (12021): Found 1 design units, including 1 entities, in source file modules/vga_controller.sv
    Info (12023): Found entity 1: VGA_controller File: D:/Github/ECE385-Final/modules/VGA_controller.sv Line: 26
Info (12021): Found 1 design units, including 1 entities, in source file modules/vga_clk.v
    Info (12023): Found entity 1: vga_clk File: D:/Github/ECE385-Final/modules/vga_clk.v Line: 39
Info (12021): Found 1 design units, including 1 entities, in source file modules/hexdriver.sv
    Info (12023): Found entity 1: HexDriver File: D:/Github/ECE385-Final/modules/HexDriver.sv Line: 1
Info (12021): Found 1 design units, including 1 entities, in source file modules/color_mapper.sv
    Info (12023): Found entity 1: color_mapper File: D:/Github/ECE385-Final/modules/Color_Mapper.sv Line: 17
Info (12021): Found 1 design units, including 1 entities, in source file modules/hpi_io_intf.sv
    Info (12023): Found entity 1: hpi_io_intf File: D:/Github/ECE385-Final/modules/hpi_io_intf.sv Line: 2
Info (12021): Found 1 design units, including 1 entities, in source file modules/final.sv
    Info (12023): Found entity 1: Final File: D:/Github/ECE385-Final/modules/Final.sv Line: 16
Info (12021): Found 1 design units, including 1 entities, in source file modules/tetris.sv
    Info (12023): Found entity 1: tetris File: D:/Github/ECE385-Final/modules/tetris.sv Line: 1
Info (12021): Found 3 design units, including 3 entities, in source file modules/move.sv
    Info (12023): Found entity 1: Move File: D:/Github/ECE385-Final/modules/move.sv Line: 1
    Info (12023): Found entity 2: leftwallcheck File: D:/Github/ECE385-Final/modules/move.sv Line: 76
    Info (12023): Found entity 3: rightwallcheck File: D:/Github/ECE385-Final/modules/move.sv Line: 98
Info (12021): Found 2 design units, including 2 entities, in source file modules/fall.sv
    Info (12023): Found entity 1: Fall File: D:/Github/ECE385-Final/modules/Fall.sv Line: 1
    Info (12023): Found entity 2: Fallcheck File: D:/Github/ECE385-Final/modules/Fall.sv Line: 42
Info (12021): Found 1 design units, including 1 entities, in source file modules/land.sv
    Info (12023): Found entity 1: Land File: D:/Github/ECE385-Final/modules/Land.sv Line: 1
Info (12021): Found 1 design units, including 1 entities, in source file output_files/lfsr.sv
    Info (12023): Found entity 1: lfsr File: D:/Github/ECE385-Final/output_files/lfsr.sv Line: 1
Warning (10037): Verilog HDL or VHDL warning at final_soc_sdram.v(318): conditional expression evaluates to a constant File: D:/Github/ECE385-Final/final_soc/synthesis/submodules/final_soc_sdram.v Line: 318
Warning (10037): Verilog HDL or VHDL warning at final_soc_sdram.v(328): conditional expression evaluates to a constant File: D:/Github/ECE385-Final/final_soc/synthesis/submodules/final_soc_sdram.v Line: 328
Warning (10037): Verilog HDL or VHDL warning at final_soc_sdram.v(338): conditional expression evaluates to a constant File: D:/Github/ECE385-Final/final_soc/synthesis/submodules/final_soc_sdram.v Line: 338
Warning (10037): Verilog HDL or VHDL warning at final_soc_sdram.v(682): conditional expression evaluates to a constant File: D:/Github/ECE385-Final/final_soc/synthesis/submodules/final_soc_sdram.v Line: 682
Info (12127): Elaborating entity "Land" for the top level hierarchy
Info (286030): Timing-Driven Synthesis is running
Warning (20013): Ignored 27 assignments for entity "DE2_115_Default" -- entity does not exist in design
    Warning (20014): Assignment for entity set_global_assignment -name LL_ROOT_REGION ON -entity DE2_115_Default -section_id "Root Region" was ignored
    Warning (20014): Assignment for entity set_global_assignment -name LL_MEMBER_STATE LOCKED -entity DE2_115_Default -section_id "Root Region" was ignored
    Warning (20014): Assignment for entity set_global_assignment -name LL_ROUTING_REGION OFF -entity DE2_115_Default -section_id "Root Region" was ignored
    Warning (20014): Assignment for entity set_instance_assignment -name PARTITION_HIERARCHY root_partition -to | -entity DE2_115_Default -section_id Top was ignored
    Warning (20014): Assignment for entity set_global_assignment -name PARTITION_NETLIST_TYPE SOURCE -entity DE2_115_Default -section_id Top was ignored
    Warning (20014): Assignment for entity set_global_assignment -name PARTITION_FITTER_PRESERVATION_LEVEL PLACEMENT_AND_ROUTING -entity DE2_115_Default -section_id Top was ignored
    Warning (20014): Assignment for entity set_global_assignment -name PARTITION_PRESERVE_HIGH_SPEED_TILES ON -entity DE2_115_Default -section_id Top was ignored
    Warning (20014): Assignment for entity set_global_assignment -name PARTITION_IGNORE_SOURCE_FILE_CHANGES OFF -entity DE2_115_Default -section_id Top was ignored
    Warning (20014): Assignment for entity set_global_assignment -name PARTITION_ALWAYS_USE_QXP_NETLIST OFF -entity DE2_115_Default -section_id Top was ignored
    Warning (20014): Assignment for entity set_global_assignment -name PARTITION_COLOR 16764057 -entity DE2_115_Default -section_id Top was ignored
    Warning (20014): Assignment for entity set_global_assignment -name PARTITION_IMPORT_ASSIGNMENTS ON -entity DE2_115_Default -section_id Top was ignored
    Warning (20014): Assignment for entity set_global_assignment -name PARTITION_IMPORT_EXISTING_ASSIGNMENTS REPLACE_CONFLICTING -entity DE2_115_Default -section_id Top was ignored
    Warning (20014): Assignment for entity set_global_assignment -name PARTITION_IMPORT_EXISTING_LOGICLOCK_REGIONS UPDATE_CONFLICTING -entity DE2_115_Default -section_id Top was ignored
    Warning (20014): Assignment for entity set_global_assignment -name PARTITION_IMPORT_PIN_ASSIGNMENTS ON -entity DE2_115_Default -section_id Top was ignored
    Warning (20014): Assignment for entity set_global_assignment -name PARTITION_IMPORT_PROMOTE_ASSIGNMENTS ON -entity DE2_115_Default -section_id Top was ignored
    Warning (20014): Assignment for entity set_global_assignment -name PARTITION_TYPE STANDARD_PARTITION -entity DE2_115_Default -section_id Top was ignored
    Warning (20014): Assignment for entity set_global_assignment -name ALLOW_MULTIPLE_PERSONAS OFF -entity DE2_115_Default -section_id Top was ignored
    Warning (20014): Assignment for entity set_global_assignment -name PARTITION_ASD_REGION_ID 1 -entity DE2_115_Default -section_id Top was ignored
    Warning (20014): Assignment for entity set_global_assignment -name CROSS_BOUNDARY_OPTIMIZATIONS OFF -entity DE2_115_Default -section_id Top was ignored
    Warning (20014): Assignment for entity set_global_assignment -name PROPAGATE_CONSTANTS_ON_INPUTS ON -entity DE2_115_Default -section_id Top was ignored
    Warning (20014): Assignment for entity set_global_assignment -name PROPAGATE_INVERSIONS_ON_INPUTS ON -entity DE2_115_Default -section_id Top was ignored
    Warning (20014): Assignment for entity set_global_assignment -name REMOVE_LOGIC_ON_UNCONNECTED_OUTPUTS ON -entity DE2_115_Default -section_id Top was ignored
    Warning (20014): Assignment for entity set_global_assignment -name MERGE_EQUIVALENT_INPUTS ON -entity DE2_115_Default -section_id Top was ignored
    Warning (20014): Assignment for entity set_global_assignment -name MERGE_EQUIVALENT_BIDIRS ON -entity DE2_115_Default -section_id Top was ignored
    Warning (20014): Assignment for entity set_global_assignment -name ABSORB_PATHS_FROM_OUTPUTS_TO_INPUTS ON -entity DE2_115_Default -section_id Top was ignored
    Warning (20014): Assignment for entity set_global_assignment -name PARTITION_EXTRACT_HARD_BLOCK_NODES ON -entity DE2_115_Default -section_id Top was ignored
    Warning (20014): Assignment for entity set_global_assignment -name PARTITION_ENABLE_STRICT_PRESERVATION OFF -entity DE2_115_Default -section_id Top was ignored
Warning (20013): Ignored 23 assignments for entity "altera_avalon_sc_fifo" -- entity does not exist in design
Warning (20013): Ignored 23 assignments for entity "altera_avalon_st_handshake_clock_crosser" -- entity does not exist in design
Warning (20013): Ignored 64 assignments for entity "altera_merlin_master_agent" -- entity does not exist in design
Warning (20013): Ignored 55 assignments for entity "altera_merlin_master_translator" -- entity does not exist in design
Warning (20013): Ignored 53 assignments for entity "altera_merlin_slave_agent" -- entity does not exist in design
Warning (20013): Ignored 68 assignments for entity "altera_merlin_slave_translator" -- entity does not exist in design
Warning (20013): Ignored 35 assignments for entity "altera_reset_controller" -- entity does not exist in design
Warning (20013): Ignored 19 assignments for entity "final_soc" -- entity does not exist in design
Warning (20013): Ignored 14 assignments for entity "final_soc_irq_mapper" -- entity does not exist in design
Warning (20013): Ignored 24 assignments for entity "final_soc_jtag_uart" -- entity does not exist in design
Warning (20013): Ignored 22 assignments for entity "final_soc_keycode" -- entity does not exist in design
Warning (20013): Ignored 12 assignments for entity "final_soc_mm_interconnect_0" -- entity does not exist in design
Warning (20013): Ignored 32 assignments for entity "final_soc_mm_interconnect_0_avalon_st_adapter" -- entity does not exist in design
Warning (20013): Ignored 19 assignments for entity "final_soc_mm_interconnect_0_avalon_st_adapter_error_adapter_0" -- entity does not exist in design
Warning (20013): Ignored 17 assignments for entity "final_soc_mm_interconnect_0_cmd_demux" -- entity does not exist in design
Warning (20013): Ignored 17 assignments for entity "final_soc_mm_interconnect_0_cmd_demux_001" -- entity does not exist in design
Warning (20013): Ignored 19 assignments for entity "final_soc_mm_interconnect_0_cmd_mux" -- entity does not exist in design
Warning (20013): Ignored 19 assignments for entity "final_soc_mm_interconnect_0_cmd_mux_001" -- entity does not exist in design
Warning (20013): Ignored 36 assignments for entity "final_soc_mm_interconnect_0_router" -- entity does not exist in design
Warning (20013): Ignored 36 assignments for entity "final_soc_mm_interconnect_0_router_001" -- entity does not exist in design
Warning (20013): Ignored 36 assignments for entity "final_soc_mm_interconnect_0_router_002" -- entity does not exist in design
Warning (20013): Ignored 36 assignments for entity "final_soc_mm_interconnect_0_router_003" -- entity does not exist in design
Warning (20013): Ignored 17 assignments for entity "final_soc_mm_interconnect_0_rsp_demux" -- entity does not exist in design
Warning (20013): Ignored 17 assignments for entity "final_soc_mm_interconnect_0_rsp_demux_001" -- entity does not exist in design
Warning (20013): Ignored 19 assignments for entity "final_soc_mm_interconnect_0_rsp_mux" -- entity does not exist in design
Warning (20013): Ignored 19 assignments for entity "final_soc_mm_interconnect_0_rsp_mux_001" -- entity does not exist in design
Warning (20013): Ignored 149 assignments for entity "final_soc_nios2_gen2_0" -- entity does not exist in design
Warning (20013): Ignored 179 assignments for entity "final_soc_nios2_gen2_0_cpu" -- entity does not exist in design
Warning (20013): Ignored 36 assignments for entity "final_soc_onchip_memory2_0" -- entity does not exist in design
Warning (20013): Ignored 22 assignments for entity "final_soc_otg_hpi_address" -- entity does not exist in design
Warning (20013): Ignored 22 assignments for entity "final_soc_otg_hpi_cs" -- entity does not exist in design
Warning (20013): Ignored 25 assignments for entity "final_soc_otg_hpi_data" -- entity does not exist in design
Warning (20013): Ignored 34 assignments for entity "final_soc_sdram" -- entity does not exist in design
Warning (20013): Ignored 78 assignments for entity "final_soc_sdram_pll" -- entity does not exist in design
Warning (20013): Ignored 10 assignments for entity "final_soc_sysid_qsys_0" -- entity does not exist in design
Warning (20013): Ignored 24 assignments for entity "lab8" -- entity does not exist in design
    Warning (20014): Assignment for entity set_instance_assignment -name PARTITION_HIERARCHY root_partition -to | -entity lab8 -section_id Top was ignored
    Warning (20014): Assignment for entity set_global_assignment -name PARTITION_NETLIST_TYPE SOURCE -entity lab8 -section_id Top was ignored
    Warning (20014): Assignment for entity set_global_assignment -name PARTITION_FITTER_PRESERVATION_LEVEL PLACEMENT_AND_ROUTING -entity lab8 -section_id Top was ignored
    Warning (20014): Assignment for entity set_global_assignment -name PARTITION_PRESERVE_HIGH_SPEED_TILES ON -entity lab8 -section_id Top was ignored
    Warning (20014): Assignment for entity set_global_assignment -name PARTITION_IGNORE_SOURCE_FILE_CHANGES OFF -entity lab8 -section_id Top was ignored
    Warning (20014): Assignment for entity set_global_assignment -name PARTITION_ALWAYS_USE_QXP_NETLIST OFF -entity lab8 -section_id Top was ignored
    Warning (20014): Assignment for entity set_global_assignment -name PARTITION_COLOR 16764057 -entity lab8 -section_id Top was ignored
    Warning (20014): Assignment for entity set_global_assignment -name PARTITION_IMPORT_ASSIGNMENTS ON -entity lab8 -section_id Top was ignored
    Warning (20014): Assignment for entity set_global_assignment -name PARTITION_IMPORT_EXISTING_ASSIGNMENTS REPLACE_CONFLICTING -entity lab8 -section_id Top was ignored
    Warning (20014): Assignment for entity set_global_assignment -name PARTITION_IMPORT_EXISTING_LOGICLOCK_REGIONS UPDATE_CONFLICTING -entity lab8 -section_id Top was ignored
    Warning (20014): Assignment for entity set_global_assignment -name PARTITION_IMPORT_PIN_ASSIGNMENTS ON -entity lab8 -section_id Top was ignored
    Warning (20014): Assignment for entity set_global_assignment -name PARTITION_IMPORT_PROMOTE_ASSIGNMENTS ON -entity lab8 -section_id Top was ignored
    Warning (20014): Assignment for entity set_global_assignment -name PARTITION_TYPE STANDARD_PARTITION -entity lab8 -section_id Top was ignored
    Warning (20014): Assignment for entity set_global_assignment -name ALLOW_MULTIPLE_PERSONAS OFF -entity lab8 -section_id Top was ignored
    Warning (20014): Assignment for entity set_global_assignment -name PARTITION_ASD_REGION_ID 1 -entity lab8 -section_id Top was ignored
    Warning (20014): Assignment for entity set_global_assignment -name CROSS_BOUNDARY_OPTIMIZATIONS OFF -entity lab8 -section_id Top was ignored
    Warning (20014): Assignment for entity set_global_assignment -name PROPAGATE_CONSTANTS_ON_INPUTS ON -entity lab8 -section_id Top was ignored
    Warning (20014): Assignment for entity set_global_assignment -name PROPAGATE_INVERSIONS_ON_INPUTS ON -entity lab8 -section_id Top was ignored
    Warning (20014): Assignment for entity set_global_assignment -name REMOVE_LOGIC_ON_UNCONNECTED_OUTPUTS ON -entity lab8 -section_id Top was ignored
    Warning (20014): Assignment for entity set_global_assignment -name MERGE_EQUIVALENT_INPUTS ON -entity lab8 -section_id Top was ignored
    Warning (20014): Assignment for entity set_global_assignment -name MERGE_EQUIVALENT_BIDIRS ON -entity lab8 -section_id Top was ignored
    Warning (20014): Assignment for entity set_global_assignment -name ABSORB_PATHS_FROM_OUTPUTS_TO_INPUTS ON -entity lab8 -section_id Top was ignored
    Warning (20014): Assignment for entity set_global_assignment -name PARTITION_EXTRACT_HARD_BLOCK_NODES ON -entity lab8 -section_id Top was ignored
    Warning (20014): Assignment for entity set_global_assignment -name PARTITION_ENABLE_STRICT_PRESERVATION OFF -entity lab8 -section_id Top was ignored
Info (144001): Generated suppressed messages file D:/Github/ECE385-Final/output_files/Final.map.smsg
Info (16010): Generating hard_block partition "hard_block:auto_generated_inst"
    Info (16011): Adding 0 node(s), including 0 DDIO, 0 PLL, 0 transceiver and 0 LCELL
Info (21057): Implemented 20420 device resources after synthesis - the final resource count might be different
    Info (21058): Implemented 721 input pins
    Info (21059): Implemented 660 output pins
    Info (21061): Implemented 19039 logic cells
Info: Quartus Prime Analysis & Synthesis was successful. 0 errors, 93 warnings
    Info: Peak virtual memory: 4884 megabytes
    Info: Processing ended: Mon May 04 17:43:34 2020
    Info: Elapsed time: 00:01:24
    Info: Total CPU time (on all processors): 00:01:33


+------------------------------------------+
; Analysis & Synthesis Suppressed Messages ;
+------------------------------------------+
The suppressed messages can be found in D:/Github/ECE385-Final/output_files/Final.map.smsg.


